<?xml version="1.0" encoding="UTF-8"?>
<!-- Generated by org.testng.reporters.JUnitReportReporter -->
<testsuite hostname="prashant" failures="0" tests="4" name="DAY1.HTTP_Requests" time="10.557" errors="0" timestamp="2023-08-06T22:44:09 IST" skipped="0">
  <testcase classname="DAY1.HTTP_Requests" name="GetUsers" time="3.428"/>
  <system-out/>
  <testcase classname="DAY1.HTTP_Requests" name="CreateUser" time="0.752"/>
  <system-out/>
  <testcase classname="DAY1.HTTP_Requests" name="UpdateUser" time="5.778"/>
  <system-out/>
  <testcase classname="DAY1.HTTP_Requests" name="DeleteUser" time="0.599"/>
  <system-out/>
</testsuite> <!-- DAY1.HTTP_Requests -->
