<?xml version="1.0" encoding="UTF-8"?>
<!-- Generated by org.testng.reporters.JUnitReportReporter -->
<testsuite hostname="prashant" failures="0" tests="1" name="DAY2.PostMethod1" time="3.792" errors="0" timestamp="2023-08-07T17:59:06 IST" skipped="0">
  <testcase classname="DAY2.PostMethod1" name="PostUSINGJson" time="3.792"/>
  <system-out/>
</testsuite> <!-- DAY2.PostMethod1 -->
